Loading cs402-mpi
  Loading requirement: gcc9
Number of threads: 1
+++++++++++++++++++++
  Running deqn v0.1  
- input file: square
- dt_max: 0.2
- initial_dt: 0.04
- start_time: 0
- end_time: 0.8
- vis_frequency: 1
- summary_frequency: 1
+++++++++++++++++++++

+   Boundary loops time taken: 1.6303e-05
+ step: 1, dt:   0.04
+   Diffuse loop time taken: 9.8966e-05
+   Reset loop time taken: 2.2494e-05
+   Boundary loops time taken: 5.979e-06
+   Temperature loop time taken: 3.0774e-05
+   current total temperature: 9000
+ step: 2, dt:   0.04
+   Diffuse loop time taken: 2.8847e-05
+   Reset loop time taken: 1.256e-05
+   Boundary loops time taken: 1.523e-05
+   Temperature loop time taken: 3.0616e-05
+   current total temperature: 9000
+ step: 3, dt:   0.04
+   Diffuse loop time taken: 2.8893e-05
+   Reset loop time taken: 1.2526e-05
+   Boundary loops time taken: 1.5202e-05
+   Temperature loop time taken: 1.175e-05
+   current total temperature: 9000
+ step: 4, dt:   0.04
+   Diffuse loop time taken: 2.299e-05
+   Reset loop time taken: 1.5658e-05
+   Boundary loops time taken: 5.867e-06
+   Temperature loop time taken: 1.1704e-05
+   current total temperature: 9000
+ step: 5, dt:   0.04
+   Diffuse loop time taken: 2.2913e-05
+   Reset loop time taken: 5.216e-06
+   Boundary loops time taken: 6.223e-06
+   Temperature loop time taken: 3.0683e-05
+   current total temperature: 9000
+ step: 6, dt:   0.04
+   Diffuse loop time taken: 2.8946e-05
+   Reset loop time taken: 1.262e-05
+   Boundary loops time taken: 1.531e-05
+   Temperature loop time taken: 3.0619e-05
+   current total temperature: 9000
+ step: 7, dt:   0.04
+   Diffuse loop time taken: 2.8883e-05
+   Reset loop time taken: 1.252e-05
+   Boundary loops time taken: 1.5256e-05
+   Temperature loop time taken: 3.0627e-05
+   current total temperature: 9000
+ step: 8, dt:   0.04
+   Diffuse loop time taken: 2.8933e-05
+   Reset loop time taken: 1.246e-05
+   Boundary loops time taken: 1.5263e-05
+   Temperature loop time taken: 3.0567e-05
+   current total temperature: 9000
+ step: 9, dt:   0.04
+   Diffuse loop time taken: 2.8903e-05
+   Reset loop time taken: 1.2546e-05
+   Boundary loops time taken: 1.516e-05
+   Temperature loop time taken: 3.0954e-05
+   current total temperature: 9000
+ step: 10, dt:   0.04
+   Diffuse loop time taken: 2.9114e-05
+   Reset loop time taken: 1.2596e-05
+   Boundary loops time taken: 1.54e-05
+   Temperature loop time taken: 3.0607e-05
+   current total temperature: 9000
+ step: 10, dt:   0.04
+   Diffuse loop time taken: 4.6494e-05
+   Reset loop time taken: 1.466e-05
+   Boundary loops time taken: 1.5357e-05
+   Temperature loop time taken: 3.0807e-05
+   current total temperature: 9000
+ step: 11, dt:   0.04
+   Diffuse loop time taken: 2.9083e-05
+   Reset loop time taken: 1.265e-05
+   Boundary loops time taken: 1.5404e-05
+   Temperature loop time taken: 1.1679e-05
+   current total temperature: 9000
+ step: 12, dt:   0.04
+   Diffuse loop time taken: 1.0816e-05
+   Reset loop time taken: 4.874e-06
+   Boundary loops time taken: 5.81e-06
+   Temperature loop time taken: 1.188e-05
+   current total temperature: 9000
+ step: 13, dt:   0.04
+   Diffuse loop time taken: 1.1025e-05
+   Reset loop time taken: 4.92101e-06
+   Boundary loops time taken: 5.786e-06
+   Temperature loop time taken: 1.1683e-05
+   current total temperature: 9000
+ step: 14, dt:   0.04
+   Diffuse loop time taken: 1.0911e-05
+   Reset loop time taken: 4.966e-06
+   Boundary loops time taken: 5.783e-06
+   Temperature loop time taken: 1.1682e-05
+   current total temperature: 9000
+ step: 16, dt:   0.04
+   Diffuse loop time taken: 1.098e-05
+   Reset loop time taken: 4.98501e-06
+   Boundary loops time taken: 5.77999e-06
+   Temperature loop time taken: 3.0636e-05
+   current total temperature: 9000
+ step: 17, dt:   0.04
+   Diffuse loop time taken: 2.9033e-05
+   Reset loop time taken: 1.2556e-05
+   Boundary loops time taken: 1.5163e-05
+   Temperature loop time taken: 3.0622e-05
+   current total temperature: 9000
+ step: 18, dt:   0.04
+   Diffuse loop time taken: 2.8853e-05
+   Reset loop time taken: 1.2596e-05
+   Boundary loops time taken: 1.5323e-05
+   Temperature loop time taken: 1.1723e-05
+   current total temperature: 9000
+ step: 19, dt:   0.04
+   Diffuse loop time taken: 2.2845e-05
+   Reset loop time taken: 5.136e-06
+   Boundary loops time taken: 6.166e-06
+   Temperature loop time taken: 1.1713e-05
+   current total temperature: 9000
+ step: 20, dt:   0.04
+   Diffuse loop time taken: 2.3199e-05
+   Reset loop time taken: 5.19e-06
+   Boundary loops time taken: 6.22901e-06
+   Temperature loop time taken: 3.7824e-05
+   current total temperature: 9000

+++++++++++++++++++++
   Run completete.   
+++++++++++++++++++++
        Total time taken: 0.197191
        Diffuse loop time taken: 0.000646445
        Reset loop time taken: 0.00029266
        Boundary loop time taken: 0.000310588
        Temperature loop time taken: 0.000675887
(Main) Runtime: 0.212153 seconds
