Loading cs402-mpi
  Loading requirement: gcc9
Number of threads: 8
+++++++++++++++++++++
  Running deqn v0.1  
- input file: square
- dt_max: 0.2
- initial_dt: 0.04
- start_time: 0
- end_time: 0.8
- vis_frequency: 1
- summary_frequency: 1
+++++++++++++++++++++

+   Boundary loops time taken: 9.5256e-05
+ step: 1, dt:   0.04
+   Diffuse loop time taken: 0.000100943
+   Reset loop time taken: 1.0696e-05
+   Boundary loops time taken: 1.6073e-05
+   Temperature loop time taken: 8.0697e-05
+   current total temperature: 9000
+ step: 2, dt:   0.04
+   Diffuse loop time taken: 1.9823e-05
+   Reset loop time taken: 1.1734e-05
+   Boundary loops time taken: 1.61e-05
+   Temperature loop time taken: 8.772e-05
+   current total temperature: 9000
+ step: 3, dt:   0.04
+   Diffuse loop time taken: 1.0455e-05
+   Reset loop time taken: 8.722e-06
+   Boundary loops time taken: 1.1798e-05
+   Temperature loop time taken: 7.6569e-05
+   current total temperature: 9000
+ step: 4, dt:   0.04
+   Diffuse loop time taken: 1.9984e-05
+   Reset loop time taken: 1.1783e-05
+   Boundary loops time taken: 1.552e-05
+   Temperature loop time taken: 7.4662e-05
+   current total temperature: 9000
+ step: 5, dt:   0.04
+   Diffuse loop time taken: 1.1735e-05
+   Reset loop time taken: 8.353e-06
+   Boundary loops time taken: 1.156e-05
+   Temperature loop time taken: 7.3349e-05
+   current total temperature: 9000
+ step: 6, dt:   0.04
+   Diffuse loop time taken: 1.1587e-05
+   Reset loop time taken: 9.00499e-06
+   Boundary loops time taken: 1.252e-05
+   Temperature loop time taken: 7.5297e-05
+   current total temperature: 9000
+ step: 7, dt:   0.04
+   Diffuse loop time taken: 1.9466e-05
+   Reset loop time taken: 1.0513e-05
+   Boundary loops time taken: 1.578e-05
+   Temperature loop time taken: 8.0565e-05
+   current total temperature: 9000
+ step: 8, dt:   0.04
+   Diffuse loop time taken: 1.8793e-05
+   Reset loop time taken: 1.0149e-05
+   Boundary loops time taken: 1.3068e-05
+   Temperature loop time taken: 7.2513e-05
+   current total temperature: 9000
+ step: 9, dt:   0.04
+   Diffuse loop time taken: 1.8432e-05
+   Reset loop time taken: 9.701e-06
+   Boundary loops time taken: 1.2154e-05
+   Temperature loop time taken: 7.5536e-05
+   current total temperature: 9000
+ step: 10, dt:   0.04
+   Diffuse loop time taken: 2.0034e-05
+   Reset loop time taken: 1.0283e-05
+   Boundary loops time taken: 1.6446e-05
+   Temperature loop time taken: 7.4513e-05
+   current total temperature: 9000
+ step: 10, dt:   0.04
+   Diffuse loop time taken: 2.005e-05
+   Reset loop time taken: 1.0383e-05
+   Boundary loops time taken: 1.4924e-05
+   Temperature loop time taken: 7.2152e-05
+   current total temperature: 9000
+ step: 11, dt:   0.04
+   Diffuse loop time taken: 1.8797e-05
+   Reset loop time taken: 1.0196e-05
+   Boundary loops time taken: 1.5353e-05
+   Temperature loop time taken: 6.9134e-05
+   current total temperature: 9000
+ step: 12, dt:   0.04
+   Diffuse loop time taken: 1.8106e-05
+   Reset loop time taken: 9.189e-06
+   Boundary loops time taken: 1.2415e-05
+   Temperature loop time taken: 6.8459e-05
+   current total temperature: 9000
+ step: 13, dt:   0.04
+   Diffuse loop time taken: 1.8066e-05
+   Reset loop time taken: 9.832e-06
+   Boundary loops time taken: 1.1936e-05
+   Temperature loop time taken: 6.599e-05
+   current total temperature: 9000
+ step: 14, dt:   0.04
+   Diffuse loop time taken: 1.0148e-05
+   Reset loop time taken: 8.264e-06
+   Boundary loops time taken: 1.0087e-05
+   Temperature loop time taken: 7.3633e-05
+   current total temperature: 9000
+ step: 16, dt:   0.04
+   Diffuse loop time taken: 1.9103e-05
+   Reset loop time taken: 1.0189e-05
+   Boundary loops time taken: 1.4366e-05
+   Temperature loop time taken: 6.3731e-05
+   current total temperature: 9000
+ step: 17, dt:   0.04
+   Diffuse loop time taken: 1.0694e-05
+   Reset loop time taken: 7.782e-06
+   Boundary loops time taken: 1.098e-05
+   Temperature loop time taken: 7.0915e-05
+   current total temperature: 9000
+ step: 18, dt:   0.04
+   Diffuse loop time taken: 1.0349e-05
+   Reset loop time taken: 8.509e-06
+   Boundary loops time taken: 1.1031e-05
+   Temperature loop time taken: 7.8391e-05
+   current total temperature: 9000
+ step: 19, dt:   0.04
+   Diffuse loop time taken: 1.1105e-05
+   Reset loop time taken: 7.544e-06
+   Boundary loops time taken: 1.085e-05
+   Temperature loop time taken: 7.2162e-05
+   current total temperature: 9000
+ step: 20, dt:   0.04
+   Diffuse loop time taken: 2.005e-05
+   Reset loop time taken: 9.97999e-06
+   Boundary loops time taken: 1.5243e-05
+   Temperature loop time taken: 7.3222e-05
+   current total temperature: 9000

+++++++++++++++++++++
   Run completete.   
+++++++++++++++++++++
        Total time taken: 0.215416
        Diffuse looptime taken: 0.000469278
        Reset looptime taken: 0.000250855
        Boundary looptime taken: 0.000433125
        Temperature looptime taken: 0.00170627
(Main) Runtime: 0.232203 seconds
