Loading cs402-mpi
  Loading requirement: gcc9
Number of threads: 6
+++++++++++++++++++++
  Running deqn v0.1  
- input file: square
- dt_max: 0.2
- initial_dt: 0.04
- start_time: 0
- end_time: 0.8
- vis_frequency: 1
- summary_frequency: 1
+++++++++++++++++++++

+	Boundary loops time taken: 7.7109e-05
+ step: 1, dt:   0.04
+	Diffuse loop time taken: 6.3043e-05
+	Reset loop time taken: 7.173e-06
+	Boundary loops time taken: 1.2063e-05
+	Temperature loop time taken: 6.6587e-05
+	current total temperature: 9000
+ step: 2, dt:   0.04
+	Diffuse loop time taken: 1.05e-05
+	Reset loop time taken: 8.79e-06
+	Boundary loops time taken: 1.4423e-05
+	Temperature loop time taken: 6.7383e-05
+	current total temperature: 9000
+ step: 3, dt:   0.04
+	Diffuse loop time taken: 2.0847e-05
+	Reset loop time taken: 7.058e-06
+	Boundary loops time taken: 8.446e-06
+	Temperature loop time taken: 6.677e-05
+	current total temperature: 9000
+ step: 4, dt:   0.04
+	Diffuse loop time taken: 1.0497e-05
+	Reset loop time taken: 9.283e-06
+	Boundary loops time taken: 1.255e-05
+	Temperature loop time taken: 6.5867e-05
+	current total temperature: 9000
+ step: 5, dt:   0.04
+	Diffuse loop time taken: 1.087e-05
+	Reset loop time taken: 8.256e-06
+	Boundary loops time taken: 1.5793e-05
+	Temperature loop time taken: 6.7163e-05
+	current total temperature: 9000
+ step: 6, dt:   0.04
+	Diffuse loop time taken: 1.065e-05
+	Reset loop time taken: 8.164e-06
+	Boundary loops time taken: 1.495e-05
+	Temperature loop time taken: 5.6364e-05
+	current total temperature: 9000
+ step: 7, dt:   0.04
+	Diffuse loop time taken: 1.075e-05
+	Reset loop time taken: 7.816e-06
+	Boundary loops time taken: 1.2937e-05
+	Temperature loop time taken: 6.2101e-05
+	current total temperature: 9000
+ step: 8, dt:   0.04
+	Diffuse loop time taken: 1.8094e-05
+	Reset loop time taken: 7.09e-06
+	Boundary loops time taken: 2.0545e-05
+	Temperature loop time taken: 6.572e-05
+	current total temperature: 9000
+ step: 9, dt:   0.04
+	Diffuse loop time taken: 1.0603e-05
+	Reset loop time taken: 9.26e-06
+	Boundary loops time taken: 1.273e-05
+	Temperature loop time taken: 6.1286e-05
+	current total temperature: 9000
+ step: 10, dt:   0.04
+	Diffuse loop time taken: 4.2672e-05
+	Reset loop time taken: 7.993e-06
+	Boundary loops time taken: 1.1681e-05
+	Temperature loop time taken: 6.5275e-05
+	current total temperature: 9000
+ step: 10, dt:   0.04
+	Diffuse loop time taken: 1.7138e-05
+	Reset loop time taken: 7.486e-06
+	Boundary loops time taken: 1.1185e-05
+	Temperature loop time taken: 7.3773e-05
+	current total temperature: 9000
+ step: 11, dt:   0.04
+	Diffuse loop time taken: 1.038e-05
+	Reset loop time taken: 8.557e-06
+	Boundary loops time taken: 1.511e-05
+	Temperature loop time taken: 6.2796e-05
+	current total temperature: 9000
+ step: 12, dt:   0.04
+	Diffuse loop time taken: 2.0039e-05
+	Reset loop time taken: 8.084e-06
+	Boundary loops time taken: 1.2805e-05
+	Temperature loop time taken: 6.7023e-05
+	current total temperature: 9000
+ step: 13, dt:   0.04
+	Diffuse loop time taken: 1.718e-05
+	Reset loop time taken: 7.047e-06
+	Boundary loops time taken: 8.946e-06
+	Temperature loop time taken: 6.468e-05
+	current total temperature: 9000
+ step: 14, dt:   0.04
+	Diffuse loop time taken: 1.1014e-05
+	Reset loop time taken: 8.496e-06
+	Boundary loops time taken: 1.296e-05
+	Temperature loop time taken: 7.3157e-05
+	current total temperature: 9000
+ step: 16, dt:   0.04
+	Diffuse loop time taken: 1.698e-05
+	Reset loop time taken: 6.842e-06
+	Boundary loops time taken: 1.1223e-05
+	Temperature loop time taken: 5.9718e-05
+	current total temperature: 9000
+ step: 17, dt:   0.04
+	Diffuse loop time taken: 2.5465e-05
+	Reset loop time taken: 7.069e-06
+	Boundary loops time taken: 2.1021e-05
+	Temperature loop time taken: 6.26e-05
+	current total temperature: 9000
+ step: 18, dt:   0.04
+	Diffuse loop time taken: 1.7491e-05
+	Reset loop time taken: 7.71099e-06
+	Boundary loops time taken: 8.861e-06
+	Temperature loop time taken: 7.7404e-05
+	current total temperature: 9000
+ step: 19, dt:   0.04
+	Diffuse loop time taken: 1.1607e-05
+	Reset loop time taken: 9.324e-06
+	Boundary loops time taken: 1.6884e-05
+	Temperature loop time taken: 6.8047e-05
+	current total temperature: 9000
+ step: 20, dt:   0.04
+	Diffuse loop time taken: 1.0794e-05
+	Reset loop time taken: 9.207e-06
+	Boundary loops time taken: 1.686e-05
+	Temperature loop time taken: 6.278e-05
+	current total temperature: 9000

+++++++++++++++++++++
   Run completete.   
+++++++++++++++++++++
		Total time taken: 0.306289
		Diffuse looptime taken: 0.000427782
		Reset looptime taken: 0.000216417
		Boundary looptime taken: 0.000405613
		Temperature looptime taken: 0.0015688
(Main) Runtime: 0.324506 seconds
